271
152
466
77
193
293
233
91
426
238
7
263
221
364
205
257
386
482
443
433
485
475
422
180
95
449
329
486
36
308
196
185
302
3
362
238
107
292
205
42
176
175
451
12
0
305
424
211
10
442
284
480
61
421
122
109
300
208
102
334
216
482
132
80
468
233
361
424
326
354
249
420
274
362
322
356
225
214
11
75
330
327
372
13
491
475
155
48
231
415
129
23
44
360
100
113
86
26
140
416
375
342
31
172
454
318
268
203
235
452
198
379
181
92
18
240
336
174
444
186
419
309
68
493
352
337
88
69
157
339
240
148
462
398
495
481
235
250
485
156
277
316
157
24
386
240
311
225
305
47
103
101
283
379
421
391
61
131
236
80
457
280
375
64
454
330
263
195
472
465
33
257
362
99
180
236
176
285
98
296
38
177
2
498
487
199
349
282
186
105
265
332
427
198
247
310
493
436
227
172
79
489
442
484
495
60
94
324
387
313
214
464
362
14
494
245
95
43
254
65
10
107
352
353
261
405
195
426
467
434
354
235
325
118
453
215
376
292
22
217
293
313
484
443
245
219
356
53
295
68
225
133
214
25
151
397
8
76
366
295
36
354
415
99
488
384
46
346
464
373
433
143
486
407
89
492
443
423
94
475
209
257
168
431
413
6
316
165
379
171
282
292
291
1
499
288
55
396
363
353
321
253
47
414
379
177
147
337
6
389
93
229
162
176
268
405
185
436
120
202
155
322
429
165
35
479
147
340
252
56
277
77
64
423
131
175
4
156
203
215
97
48
326
247
285
167
66
357
258
91
419
361
282
91
197
6
426
165
293
499
344
380
455
103
490
362
123
152
268
462
199
397
353
210
414
227
32
455
255
80
233
306
63
457
10
71
9
314
154
219
