96
10
462
46
240
404
66
78
307
380
411
61
366
339
431
291
273
455
270
69
338
105
76
114
59
476
481
495
333
243
129
159
13
62
401
185
463
398
94
371
16
349
336
474
94
333
188
99
383
405
180
318
380
201
79
124
344
488
267
166
138
488
165
310
443
199
423
30
37
346
264
215
148
369
239
72
368
241
373
311
476
126
140
127
236
191
463
222
211
165
455
373
254
341
45
465
247
54
77
454
379
407
94
103
195
65
294
345
102
356
143
362
16
107
291
300
90
398
229
439
486
58
354
407
148
120
496
238
275
49
265
113
135
143
458
116
18
478
419
446
115
39
17
109
390
205
260
411
245
373
16
264
334
315
57
279
22
488
492
445
5
143
368
348
298
302
460
220
238
96
306
334
427
22
390
263
59
497
372
260
444
165
431
239
464
105
492
265
160
59
196
155
10
497
9
386
88
76
94
419
261
171
180
238
314
277
341
424
111
349
459
340
439
399
425
363
468
400
342
293
428
313
315
172
317
14
458
226
11
113
418
386
24
223
444
399
82
1
487
382
60
291
293
371
30
435
454
335
292
388
486
68
374
319
199
480
128
192
439
454
368
271
296
200
130
419
83
405
129
420
309
362
467
469
75
167
267
115
396
404
413
26
162
244
374
294
63
264
492
321
474
486
36
302
327
90
97
66
471
414
205
37
422
234
91
133
335
47
163
262
150
440
374
22
78
287
40
153
455
224
416
147
217
413
375
106
131
175
25
20
138
396
380
447
43
357
188
133
113
190
17
138
165
166
22
339
172
27
171
26
70
327
177
150
419
347
271
88
35
439
111
31
391
367
191
170
110
153
180
298
302
249
338
79
75
321
358
93
278
105
481
83
226
380
474
279
335
113
381
342
483
223
446
